[debug] [2023-05-24T18:13:08.481Z] ----------------------------------------------------------------------
[debug] [2023-05-24T18:13:08.486Z] Command:       C:\Program Files\nodejs\node.exe C:\Users\pahol\AppData\Roaming\npm\node_modules\firebase-tools\lib\bin\firebase.js init
[debug] [2023-05-24T18:13:08.488Z] CLI Version:   12.0.1
[debug] [2023-05-24T18:13:08.488Z] Platform:      win32
[debug] [2023-05-24T18:13:08.489Z] Node Version:  v16.16.0
[debug] [2023-05-24T18:13:08.497Z] Time:          Wed May 24 2023 13:13:08 GMT-0500 (hora estándar de Colombia)
[debug] [2023-05-24T18:13:08.497Z] ----------------------------------------------------------------------
[debug] 
[debug] [2023-05-24T18:13:08.514Z] > command requires scopes: ["email","openid","https://www.googleapis.com/auth/cloudplatformprojects.readonly","https://www.googleapis.com/auth/firebase","https://www.googleapis.com/auth/cloud-platform"]
[debug] [2023-05-24T18:13:08.515Z] > authorizing via signed-in user (v.humandreams@gmail.com)
[info] 
     ######## #### ########  ######## ########     ###     ######  ########
     ##        ##  ##     ## ##       ##     ##  ##   ##  ##       ##
     ######    ##  ########  ######   ########  #########  ######  ######
     ##        ##  ##    ##  ##       ##     ## ##     ##       ## ##
     ##       #### ##     ## ######## ########  ##     ##  ######  ########

You're about to initialize a Firebase project in this directory:

  C:\Users\pahol\OneDrive\Desktop\CMS-Proyect\CMS-Proyect-Front

[info] 
=== Project Setup
[info] 
[info] First, let's associate this project directory with a Firebase project.
[info] You can create multiple project aliases by running firebase use --add, 
[info] but for now we'll just set up a default project.
[info] 
[debug] [2023-05-24T18:13:18.394Z] >>> [apiv2][query] GET https://firebase.googleapis.com/v1beta1/projects pageSize=100
[debug] [2023-05-24T18:13:19.405Z] <<< [apiv2][status] GET https://firebase.googleapis.com/v1beta1/projects 200
[debug] [2023-05-24T18:13:19.405Z] <<< [apiv2][body] GET https://firebase.googleapis.com/v1beta1/projects [omitted]
[info] i  Using project cashmachinesys (cashmachinesys) 
[info] 
=== Hosting Setup
[info] 
[info] Your public directory is the folder (relative to your project directory) that
[info] will contain Hosting assets to be uploaded with firebase deploy. If you
[info] have a build process for your assets, use your build's output directory.
[info] 
[debug] [2023-05-24T18:13:34.977Z] >>> [apiv2][query] GET https://www.gstatic.com/firebasejs/releases.json [none]
[debug] [2023-05-24T18:13:35.214Z] <<< [apiv2][status] GET https://www.gstatic.com/firebasejs/releases.json 200
[debug] [2023-05-24T18:13:35.214Z] <<< [apiv2][body] GET https://www.gstatic.com/firebasejs/releases.json {"current":{"version":"9.22.0","browserURL":"https://www.gstatic.com/firebasejs/9.22.0/firebase.js","packageURL":"https://www.gstatic.com/firebasejs/9.22.0/firebase.tgz"},"live":{"version":"9.22","browserURL":"https://www.gstatic.com/firebasejs/live/9.22/firebase.js","packageURL":"https://www.gstatic.com/firebasejs/live/9.22/firebase.tgz"},"components":{"analytics":"https://www.gstatic.com/firebasejs/9.22.0/firebase-analytics.js","app":"https://www.gstatic.com/firebasejs/9.22.0/firebase-app.js","app-check":"https://www.gstatic.com/firebasejs/9.22.0/firebase-app-check.js","auth":"https://www.gstatic.com/firebasejs/9.22.0/firebase-auth.js","auth/cordova":"https://www.gstatic.com/firebasejs/9.22.0/firebase-auth/cordova.js","auth/react-native":"https://www.gstatic.com/firebasejs/9.22.0/firebase-auth/react-native.js","functions":"https://www.gstatic.com/firebasejs/9.22.0/firebase-functions.js","firestore":"https://www.gstatic.com/firebasejs/9.22.0/firebase-firestore.js","firestore/lite":"https://www.gstatic.com/firebasejs/9.22.0/firebase-firestore/lite.js","installations":"https://www.gstatic.com/firebasejs/9.22.0/firebase-installations.js","storage":"https://www.gstatic.com/firebasejs/9.22.0/firebase-storage.js","performance":"https://www.gstatic.com/firebasejs/9.22.0/firebase-performance.js","remote-config":"https://www.gstatic.com/firebasejs/9.22.0/firebase-remote-config.js","messaging":"https://www.gstatic.com/firebasejs/9.22.0/firebase-messaging.js","messaging/sw":"https://www.gstatic.com/firebasejs/9.22.0/firebase-messaging/sw.js","database":"https://www.gstatic.com/firebasejs/9.22.0/firebase-database.js","firestore.memory":"https://www.gstatic.com/firebasejs/9.22.0/firebase-firestore.memory.js"}}
[info] +  Wrote public/index.html 
[info] 
[info] i  Detected a .git folder at C:\Users\pahol\OneDrive\Desktop\CMS-Proyect\CMS-Proyect-Front 
[info] i  Authorizing with GitHub to upload your service account to a GitHub repository's secrets store. 
[info] 
[info] Visit this URL on this device to log in:
[info] https://github.com/login/oauth/authorize?client_id=89cf50f02ac6aaed3484&state=43749447&redirect_uri=http%3A%2F%2Flocalhost%3A9005&scope=read%3Auser%20repo%20public_repo
[info] 
[info] Waiting for authentication...
[debug] [2023-05-24T18:13:57.471Z] >>> [apiv2][query] POST https://github.com/login/oauth/access_token [none]
[debug] [2023-05-24T18:13:57.471Z] >>> [apiv2][body] POST https://github.com/login/oauth/access_token [stream]
[debug] [2023-05-24T18:14:00.493Z] <<< [apiv2][status] POST https://github.com/login/oauth/access_token 200
[debug] [2023-05-24T18:14:00.494Z] <<< [apiv2][body] POST https://github.com/login/oauth/access_token {"access_token":"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","token_type":"bearer","scope":"read:user,repo"}
[debug] [2023-05-24T18:14:00.512Z] >>> [apiv2][query] GET https://api.github.com/user [none]
[debug] [2023-05-24T18:14:01.018Z] <<< [apiv2][status] GET https://api.github.com/user 200
[debug] [2023-05-24T18:14:01.019Z] <<< [apiv2][body] GET https://api.github.com/user {"login":"paholoMagician","id":38599188,"node_id":"MDQ6VXNlcjM4NTk5MTg4","avatar_url":"https://avatars.githubusercontent.com/u/38599188?v=4","gravatar_id":"","url":"https://api.github.com/users/paholoMagician","html_url":"https://github.com/paholoMagician","followers_url":"https://api.github.com/users/paholoMagician/followers","following_url":"https://api.github.com/users/paholoMagician/following{/other_user}","gists_url":"https://api.github.com/users/paholoMagician/gists{/gist_id}","starred_url":"https://api.github.com/users/paholoMagician/starred{/owner}{/repo}","subscriptions_url":"https://api.github.com/users/paholoMagician/subscriptions","organizations_url":"https://api.github.com/users/paholoMagician/orgs","repos_url":"https://api.github.com/users/paholoMagician/repos","events_url":"https://api.github.com/users/paholoMagician/events{/privacy}","received_events_url":"https://api.github.com/users/paholoMagician/received_events","type":"User","site_admin":false,"name":"Andre Rivera","company":"Syscompsa","blog":"","location":"Ecuador, Guayas, Guayaquil ","email":null,"hireable":null,"bio":"Web Developer","twitter_username":"Paolo18623512","public_repos":9,"public_gists":0,"followers":1,"following":1,"created_at":"2018-04-22T04:13:05Z","updated_at":"2023-05-24T18:13:50Z","private_gists":0,"total_private_repos":0,"owned_private_repos":0,"disk_usage":80914,"collaborators":0,"two_factor_authentication":false,"plan":{"name":"free","space":976562499,"collaborators":0,"private_repos":10000}}
[info] 
[info] +  Success! Logged into GitHub as paholoMagician 
[info] 
[debug] [2023-05-24T18:14:17.711Z] >>> [apiv2][query] GET https://api.github.com/repos/n/actions/secrets/public-key type=owner
[debug] [2023-05-24T18:14:18.085Z] <<< [apiv2][status] GET https://api.github.com/repos/n/actions/secrets/public-key 404
[debug] [2023-05-24T18:14:18.087Z] <<< [apiv2][body] GET https://api.github.com/repos/n/actions/secrets/public-key {"message":"Not Found","documentation_url":"https://docs.github.com/rest"}
[info] 
[info] 
[error] !  The provided authorization cannot be used with this repository. If this repository is in an organization, did you remember to grant access? 
[info] 
[info] i  Action required: Visit this URL to ensure access has been granted to the appropriate organization(s) for the Firebase CLI GitHub OAuth App: 
[info] https://github.com/settings/connections/applications/89cf50f02ac6aaed3484
[info] 
[debug] [2023-05-24T18:14:23.314Z] >>> [apiv2][query] GET https://api.github.com/repos/n/actions/secrets/public-key type=owner
[debug] [2023-05-24T18:14:23.669Z] <<< [apiv2][status] GET https://api.github.com/repos/n/actions/secrets/public-key 404
[debug] [2023-05-24T18:14:23.669Z] <<< [apiv2][body] GET https://api.github.com/repos/n/actions/secrets/public-key {"message":"Not Found","documentation_url":"https://docs.github.com/rest"}
[info] 
[info] 
[error] !  The provided authorization cannot be used with this repository. If this repository is in an organization, did you remember to grant access? 
[info] 
[info] i  Action required: Visit this URL to ensure access has been granted to the appropriate organization(s) for the Firebase CLI GitHub OAuth App: 
[info] https://github.com/settings/connections/applications/89cf50f02ac6aaed3484
[info] 
[debug] [2023-05-24T18:14:26.006Z] >>> [apiv2][query] GET https://api.github.com/repos/n/actions/secrets/public-key type=owner
[debug] [2023-05-24T18:14:26.512Z] <<< [apiv2][status] GET https://api.github.com/repos/n/actions/secrets/public-key 404
[debug] [2023-05-24T18:14:26.513Z] <<< [apiv2][body] GET https://api.github.com/repos/n/actions/secrets/public-key {"message":"Not Found","documentation_url":"https://docs.github.com/rest"}
[info] 
[info] 
[error] !  The provided authorization cannot be used with this repository. If this repository is in an organization, did you remember to grant access? 
[info] 
[info] i  Action required: Visit this URL to ensure access has been granted to the appropriate organization(s) for the Firebase CLI GitHub OAuth App: 
[info] https://github.com/settings/connections/applications/89cf50f02ac6aaed3484
[info] 
[debug] [2023-05-24T18:14:27.778Z] >>> [apiv2][query] GET https://api.github.com/repos/n/actions/secrets/public-key type=owner
[debug] [2023-05-24T18:14:28.120Z] <<< [apiv2][status] GET https://api.github.com/repos/n/actions/secrets/public-key 404
[debug] [2023-05-24T18:14:28.120Z] <<< [apiv2][body] GET https://api.github.com/repos/n/actions/secrets/public-key {"message":"Not Found","documentation_url":"https://docs.github.com/rest"}
[info] 
[info] 
[error] !  The provided authorization cannot be used with this repository. If this repository is in an organization, did you remember to grant access? 
[info] 
[info] i  Action required: Visit this URL to ensure access has been granted to the appropriate organization(s) for the Firebase CLI GitHub OAuth App: 
[info] https://github.com/settings/connections/applications/89cf50f02ac6aaed3484
[info] 
